<?xml version="1.0" encoding="UTF-8"?>
<testsuite xmlns:xsi="http://www.w3.org/2001/XMLSchema-instance" xsi:noNamespaceSchemaLocation="https://maven.apache.org/surefire/maven-surefire-plugin/xsd/surefire-test-report.xsd" version="3.0.2" name="com.example.helloworld.repository.GreetingRepositoryTest" time="0.233" tests="2" errors="0" skipped="0" failures="0">
  <properties>
[...]
</properties>
  <testcase name="persistsAllGreetingColumns" classname="com.example.helloworld.repository.GreetingRepositoryTest" time="0.059">
    <system-out><![CDATA[2026-07-27T17:01:50.183-06:00  INFO 36150 --- [service-hello-world-6] [           main] t.c.s.AnnotationConfigContextLoaderUtils : Could not detect default configuration classes for test class [com.example.helloworld.repository.GreetingRepositoryTest]: GreetingRepositoryTest does not declare any static, non-private, non-final, nested classes annotated with @Configuration.
2026-07-27T17:01:50.191-06:00  INFO 36150 --- [service-hello-world-6] [           main] .b.t.c.SpringBootTestContextBootstrapper : Found @SpringBootConfiguration com.example.helloworld.HelloWorldApplication for test class com.example.helloworld.repository.GreetingRepositoryTest

  .   ____          _            __ _ _
 /\\ / ___'_ __ _ _(_)_ __  __ _ \ \ \ \
( ( )\___ | '_ | '_| | '_ \/ _` | \ \ \ \
 \\/  ___)| |_)| | | | | || (_| |  ) ) ) )
  '  |____| .__|_| |_|_| |_\__, | / / / /
 =========|_|==============|___/=/_/_/_/

 :: Spring Boot ::                (v3.5.9)

2026-07-27T17:01:50.201-06:00  INFO 36150 --- [service-hello-world-6] [           main] c.e.h.repository.GreetingRepositoryTest  : Starting GreetingRepositoryTest using Java 21.0.7 with PID 36150 (started by Denis.Labelle in /Users/Denis.Labelle/dev/tenyks/projects/service-hello-world-6)
2026-07-27T17:01:50.201-06:00  INFO 36150 --- [service-hello-world-6] [           main] c.e.h.repository.GreetingRepositoryTest  : No active profile set, falling back to 1 default profile: "default"
2026-07-27T17:01:50.225-06:00  INFO 36150 --- [service-hello-world-6] [           main] .s.d.r.c.RepositoryConfigurationDelegate : Bootstrapping Spring Data JPA repositories in DEFAULT mode.
2026-07-27T17:01:50.230-06:00  INFO 36150 --- [service-hello-world-6] [           main] .s.d.r.c.RepositoryConfigurationDelegate : Finished Spring Data repository scanning in 4 ms. Found 1 JPA repository interface.
2026-07-27T17:01:50.244-06:00  INFO 36150 --- [service-hello-world-6] [           main] beddedDataSourceBeanFactoryPostProcessor : Replacing 'dataSource' DataSource bean with embedded version
2026-07-27T17:01:50.253-06:00  INFO 36150 --- [service-hello-world-6] [           main] o.s.j.d.e.EmbeddedDatabaseFactory        : Starting embedded database: url='jdbc:h2:mem:caf193d7-651e-493e-81c9-b0e86e0169b9;DB_CLOSE_DELAY=-1;DB_CLOSE_ON_EXIT=false', username='sa'
2026-07-27T17:01:50.256-06:00  INFO 36150 --- [service-hello-world-6] [           main] liquibase.database                       : Set default schema name to PUBLIC
2026-07-27T17:01:50.269-06:00  INFO 36150 --- [service-hello-world-6] [           main] liquibase.changelog                      : Creating database history table with name: PUBLIC.DATABASECHANGELOG
2026-07-27T17:01:50.270-06:00  INFO 36150 --- [service-hello-world-6] [           main] liquibase.changelog                      : Reading from PUBLIC.DATABASECHANGELOG
2026-07-27T17:01:50.271-06:00  INFO 36150 --- [service-hello-world-6] [           main] liquibase.snapshot                       : Creating snapshot
2026-07-27T17:01:50.275-06:00  INFO 36150 --- [service-hello-world-6] [           main] liquibase.lockservice                    : Successfully acquired change log lock
2026-07-27T17:01:50.275-06:00  INFO 36150 --- [service-hello-world-6] [           main] liquibase.command                        : Using deploymentId: 5193308379
2026-07-27T17:01:50.275-06:00  INFO 36150 --- [service-hello-world-6] [           main] liquibase.changelog                      : Reading from PUBLIC.DATABASECHANGELOG
2026-07-27T17:01:50.277-06:00  INFO 36150 --- [service-hello-world-6] [           main] liquibase.ui                             : Running Changeset: db/changelog/changes/001-create-greetings-table.xml::001-create-greetings-table::fsh-194
2026-07-27T17:01:50.278-06:00  INFO 36150 --- [service-hello-world-6] [           main] liquibase.changelog                      : Table GREETINGS created
2026-07-27T17:01:50.278-06:00  INFO 36150 --- [service-hello-world-6] [           main] liquibase.changelog                      : ChangeSet db/changelog/changes/001-create-greetings-table.xml::001-create-greetings-table::fsh-194 ran successfully in 1ms
2026-07-27T17:01:50.279-06:00  INFO 36150 --- [service-hello-world-6] [           main] liquibase.ui                             : Running Changeset: db/changelog/changes/001-create-greetings-table.xml::002-create-greetings-date-index::fsh-194
2026-07-27T17:01:50.279-06:00  INFO 36150 --- [service-hello-world-6] [           main] liquibase.changelog                      : Index IDX_GREETINGS_DATE created
2026-07-27T17:01:50.279-06:00  INFO 36150 --- [service-hello-world-6] [           main] liquibase.changelog                      : ChangeSet db/changelog/changes/001-create-greetings-table.xml::002-create-greetings-date-index::fsh-194 ran successfully in 0ms
2026-07-27T17:01:50.280-06:00  INFO 36150 --- [service-hello-world-6] [           main] liquibase.util                           : UPDATE SUMMARY
2026-07-27T17:01:50.280-06:00  INFO 36150 --- [service-hello-world-6] [           main] liquibase.util                           : Run:                          2
2026-07-27T17:01:50.280-06:00  INFO 36150 --- [service-hello-world-6] [           main] liquibase.util                           : Previously run:               0
2026-07-27T17:01:50.280-06:00  INFO 36150 --- [service-hello-world-6] [           main] liquibase.util                           : Filtered out:                 0
2026-07-27T17:01:50.280-06:00  INFO 36150 --- [service-hello-world-6] [           main] liquibase.util                           : -------------------------------
2026-07-27T17:01:50.280-06:00  INFO 36150 --- [service-hello-world-6] [           main] liquibase.util                           : Total change sets:            2
2026-07-27T17:01:50.280-06:00  INFO 36150 --- [service-hello-world-6] [           main] liquibase.util                           : Update summary generated
2026-07-27T17:01:50.280-06:00  INFO 36150 --- [service-hello-world-6] [           main] liquibase.command                        : Update command completed successfully.
2026-07-27T17:01:50.280-06:00  INFO 36150 --- [service-hello-world-6] [           main] liquibase.ui                             : Liquibase: Update has been successful. Rows affected: 2
2026-07-27T17:01:50.281-06:00  INFO 36150 --- [service-hello-world-6] [           main] liquibase.lockservice                    : Successfully released change log lock
2026-07-27T17:01:50.281-06:00  INFO 36150 --- [service-hello-world-6] [           main] liquibase.command                        : Command execution complete
2026-07-27T17:01:50.287-06:00  INFO 36150 --- [service-hello-world-6] [           main] o.hibernate.jpa.internal.util.LogHelper  : HHH000204: Processing PersistenceUnitInfo [name: default]
2026-07-27T17:01:50.288-06:00  INFO 36150 --- [service-hello-world-6] [           main] o.h.c.internal.RegionFactoryInitiator    : HHH000026: Second-level cache disabled
2026-07-27T17:01:50.290-06:00  INFO 36150 --- [service-hello-world-6] [           main] o.s.o.j.p.SpringPersistenceUnitInfo      : No LoadTimeWeaver setup: ignoring JPA class transformer
2026-07-27T17:01:50.291-06:00  INFO 36150 --- [service-hello-world-6] [           main] org.hibernate.orm.connections.pooling    : HHH10001005: Database info:
	Database JDBC URL [Connecting through datasource 'org.springframework.jdbc.datasource.embedded.EmbeddedDatabaseFactory$EmbeddedDataSourceProxy@1ec8afc4']
	Database driver: undefined/unknown
	Database version: 2.3.232
	Autocommit mode: undefined/unknown
	Isolation level: undefined/unknown
	Minimum pool size: undefined/unknown
	Maximum pool size: undefined/unknown
2026-07-27T17:01:50.300-06:00  INFO 36150 --- [service-hello-world-6] [           main] o.h.e.t.j.p.i.JtaPlatformInitiator       : HHH000489: No JTA platform available (set 'hibernate.transaction.jta.platform' to enable JTA platform integration)
2026-07-27T17:01:50.302-06:00  INFO 36150 --- [service-hello-world-6] [           main] j.LocalContainerEntityManagerFactoryBean : Initialized JPA EntityManagerFactory for persistence unit 'default'
2026-07-27T17:01:50.312-06:00  INFO 36150 --- [service-hello-world-6] [           main] c.e.h.repository.GreetingRepositoryTest  : Started GreetingRepositoryTest in 0.12 seconds (process running for 2.667)
Hibernate: select g1_0.id,g1_0.date,g1_0.name,g1_0.response from greetings g1_0 where g1_0.id=?
Hibernate: insert into greetings (date,name,response,id) values (?,?,?,?)
]]></system-out>
  </testcase>
  <testcase name="supportsPagingSortedByDateDescending" classname="com.example.helloworld.repository.GreetingRepositoryTest" time="0.042">
    <system-out><![CDATA[Hibernate: select g1_0.id,g1_0.date,g1_0.name,g1_0.response from greetings g1_0 where g1_0.id=?
Hibernate: select g1_0.id,g1_0.date,g1_0.name,g1_0.response from greetings g1_0 where g1_0.id=?
Hibernate: select g1_0.id,g1_0.date,g1_0.name,g1_0.response from greetings g1_0 where g1_0.id=?
Hibernate: insert into greetings (date,name,response,id) values (?,?,?,?)
Hibernate: insert into greetings (date,name,response,id) values (?,?,?,?)
Hibernate: insert into greetings (date,name,response,id) values (?,?,?,?)
Hibernate: select g1_0.id,g1_0.date,g1_0.name,g1_0.response from greetings g1_0 order by g1_0.date desc offset ? rows fetch first ? rows only
Hibernate: select count(g1_0.id) from greetings g1_0
]]></system-out>
  </testcase>
</testsuite>